{"numFailedTestSuites":1,"numFailedTests":1,"numPassedTestSuites":0,"numPassedTests":3,"numPendingTestSuites":0,"numPendingTests":0,"numRuntimeErrorTestSuites":0,"numTodoTests":0,"numTotalTestSuites":1,"numTotalTests":4,"openHandles":[],"snapshot":{"added":0,"didUpdate":false,"failure":false,"filesAdded":0,"filesRemoved":0,"filesRemovedList":[],"filesUnmatched":0,"filesUpdated":0,"matched":0,"total":0,"unchecked":0,"uncheckedKeysByFile":[],"unmatched":0,"updated":0},"startTime":1771780987810,"success":false,"testResults":[{"assertionResults":[{"ancestorTitles":["PreAssessmentUtils - calculateQuestionnaireScore"],"duration":5,"failing":false,"failureDetails":[{"matcherResult":{"actual":0,"expected":13,"message":"expect(received).toBe(expected) // Object.is equality\n\nExpected: 13\nReceived: 0","name":"toBe","pass":false}}],"failureMessages":["Error: expect(received).toBe(expected) // Object.is equality\n\nExpected: 13\nReceived: 0\n    at Object.<anonymous> (E:\\Documents\\Code\\mentara\\apps\\api\\src\\pre-assessment\\pre-assessment.utils.spec.ts:8:30)\n    at Promise.finally.completed (E:\\Documents\\Code\\mentara\\node_modules\\jest-circus\\build\\jestAdapterInit.js:1557:28)\n    at new Promise (<anonymous>)\n    at callAsyncCircusFn (E:\\Documents\\Code\\mentara\\node_modules\\jest-circus\\build\\jestAdapterInit.js:1497:10)\n    at _callCircusTest (E:\\Documents\\Code\\mentara\\node_modules\\jest-circus\\build\\jestAdapterInit.js:1007:40)\n    at _runTest (E:\\Documents\\Code\\mentara\\node_modules\\jest-circus\\build\\jestAdapterInit.js:947:3)\n    at E:\\Documents\\Code\\mentara\\node_modules\\jest-circus\\build\\jestAdapterInit.js:849:7\n    at _runTestsForDescribeBlock (E:\\Documents\\Code\\mentara\\node_modules\\jest-circus\\build\\jestAdapterInit.js:862:11)\n    at _runTestsForDescribeBlock (E:\\Documents\\Code\\mentara\\node_modules\\jest-circus\\build\\jestAdapterInit.js:857:11)\n    at run (E:\\Documents\\Code\\mentara\\node_modules\\jest-circus\\build\\jestAdapterInit.js:761:3)\n    at runAndTransformResultsToJestFormat (E:\\Documents\\Code\\mentara\\node_modules\\jest-circus\\build\\jestAdapterInit.js:1918:21)\n    at jestAdapter (E:\\Documents\\Code\\mentara\\node_modules\\jest-circus\\build\\runner.js:101:19)\n    at runTestInternal (E:\\Documents\\Code\\mentara\\node_modules\\jest-runner\\build\\index.js:275:16)\n    at runTest (E:\\Documents\\Code\\mentara\\node_modules\\jest-runner\\build\\index.js:343:7)"],"fullName":"PreAssessmentUtils - calculateQuestionnaireScore should calculate PHQ-9 score correctly","invocations":1,"location":null,"numPassingAsserts":0,"retryReasons":[],"startAt":1771780988382,"status":"failed","title":"should calculate PHQ-9 score correctly"},{"ancestorTitles":["PreAssessmentUtils - calculateQuestionnaireScore"],"duration":2,"failing":false,"failureDetails":[],"failureMessages":[],"fullName":"PreAssessmentUtils - calculateQuestionnaireScore should calculate ASRS score correctly (Part A screening)","invocations":1,"location":null,"numPassingAsserts":2,"retryReasons":[],"startAt":1771780988392,"status":"passed","title":"should calculate ASRS score correctly (Part A screening)"},{"ancestorTitles":["PreAssessmentUtils - calculateQuestionnaireScore"],"duration":1,"failing":false,"failureDetails":[],"failureMessages":[],"fullName":"PreAssessmentUtils - calculateQuestionnaireScore should calculate MDQ score correctly (3-criteria met)","invocations":1,"location":null,"numPassingAsserts":2,"retryReasons":[],"startAt":1771780988394,"status":"passed","title":"should calculate MDQ score correctly (3-criteria met)"},{"ancestorTitles":["PreAssessmentUtils - calculateQuestionnaireScore"],"duration":2,"failing":false,"failureDetails":[],"failureMessages":[],"fullName":"PreAssessmentUtils - calculateQuestionnaireScore should calculate MBI score correctly (Subscales)","invocations":1,"location":null,"numPassingAsserts":6,"retryReasons":[],"startAt":1771780988395,"status":"passed","title":"should calculate MBI score correctly (Subscales)"}],"endTime":1771780988511,"message":"  ÔùÅ PreAssessmentUtils - calculateQuestionnaireScore ÔÇ║ should calculate PHQ-9 score correctly\n\n    expect(received).toBe(expected) // Object.is equality\n\n    Expected: 13\n    Received: 0\n\n    \u001b[0m \u001b[90m  6 |\u001b[39m         \u001b[36mconst\u001b[39m answers \u001b[33m=\u001b[39m [\u001b[35m1\u001b[39m\u001b[33m,\u001b[39m \u001b[35m2\u001b[39m\u001b[33m,\u001b[39m \u001b[35m3\u001b[39m\u001b[33m,\u001b[39m \u001b[35m0\u001b[39m\u001b[33m,\u001b[39m \u001b[35m1\u001b[39m\u001b[33m,\u001b[39m \u001b[35m2\u001b[39m\u001b[33m,\u001b[39m \u001b[35m3\u001b[39m\u001b[33m,\u001b[39m \u001b[35m0\u001b[39m\u001b[33m,\u001b[39m \u001b[35m1\u001b[39m]\u001b[33m;\u001b[39m \u001b[90m// Total: 13\u001b[39m\n     \u001b[90m  7 |\u001b[39m         \u001b[36mconst\u001b[39m result \u001b[33m=\u001b[39m calculateQuestionnaireScore(\u001b[32m'Depression (PHQ-9)'\u001b[39m\u001b[33m,\u001b[39m answers)\u001b[33m;\u001b[39m\n    \u001b[31m\u001b[1m>\u001b[22m\u001b[39m\u001b[90m  8 |\u001b[39m         expect(result\u001b[33m.\u001b[39mscore)\u001b[33m.\u001b[39mtoBe(\u001b[35m13\u001b[39m)\u001b[33m;\u001b[39m\n     \u001b[90m    |\u001b[39m                              \u001b[31m\u001b[1m^\u001b[22m\u001b[39m\n     \u001b[90m  9 |\u001b[39m         expect(result\u001b[33m.\u001b[39mseverity)\u001b[33m.\u001b[39mtoBe(\u001b[32m'Moderate'\u001b[39m)\u001b[33m;\u001b[39m\n     \u001b[90m 10 |\u001b[39m     })\u001b[33m;\u001b[39m\n     \u001b[90m 11 |\u001b[39m\u001b[0m\n\n      at Object.<anonymous> (src/pre-assessment/pre-assessment.utils.spec.ts:8:30)\n","name":"E:\\Documents\\Code\\mentara\\apps\\api\\src\\pre-assessment\\pre-assessment.utils.spec.ts","startTime":1771780988031,"status":"failed","summary":""}],"wasInterrupted":false}
